<testsuites><testsuite name="SampleTestSuite" tests="3" failures="1" errors="1" time="0.5" timestamp="2025-04-10T06:02:42.539718"><testcase name="testSuccess" classname="com.example.TestClass" time="0.1" /><testcase name="testFailure" classname="com.example.TestClass" time="0.2"><failure type="AssertionError" message="Expected value was 42 but got null">
    at com.example.TestClass.testFailure(TestClass.java:123)
    at java.base/java.util.concurrent.ThreadPoolExecutor.runWorker(ThreadPoolExecutor.java:1130)
    at java.base/java.util.concurrent.ThreadPoolExecutor$Worker.run(ThreadPoolExecutor.java:630)
    </failure></testcase><testcase name="testError" classname="org.openj9.TestProfiler" time="0.2"><error type="NullPointerException" message="Cannot invoke &quot;org.openj9.IProfiler.getResult()&quot; because &quot;profiler&quot; is null">
    at org.openj9.TestProfiler.testMethod(TestProfiler.java:45)
    at java.base/jdk.internal.reflect.NativeMethodAccessorImpl.invoke0(Native Method)
    at java.base/jdk.internal.reflect.NativeMethodAccessorImpl.invoke(NativeMethodAccessorImpl.java:77)
    </error></testcase></testsuite></testsuites>